To https://github.com/charluzzo91/pios-company-test.git
   e72cf1d..92d51a6  main -> main
[Mon May 18 18:00:03 EDT 2026] Sync complete.
To https://github.com/charluzzo91/digital-marketing-services.git
   269ed72..2293f3f  main -> main
[Mon May 18 19:00:03 EDT 2026] Sync complete.
To https://github.com/charluzzo91/digital-marketing-services.git
   2293f3f..3eed820  main -> main
[Mon May 18 20:00:04 EDT 2026] Sync complete.
To https://github.com/charluzzo91/digital-marketing-services.git
   3eed820..dc8f6a7  main -> main
[Mon May 18 21:00:04 EDT 2026] Sync complete.
To https://github.com/charluzzo91/digital-marketing-services.git
   dc8f6a7..6671072  main -> main
[Mon May 18 23:00:04 EDT 2026] Sync complete.
To https://github.com/charluzzo91/digital-marketing-services.git
   6671072..e84f053  main -> main
[Thu May 21 20:00:02 EDT 2026] Sync complete.
To https://github.com/charluzzo91/digital-marketing-services.git
   e84f053..934782e  main -> main
[Thu May 21 21:00:03 EDT 2026] Sync complete.
To https://github.com/charluzzo91/digital-marketing-services.git
   934782e..50d690e  main -> main
[Fri May 22 01:01:53 EDT 2026] Sync complete.
